<?xml version="1.0" encoding="UTF-8"?>
<!-- Generated by org.testng.reporters.JUnitXMLReporter -->
<testsuite hostname="DESKTOP-KQ0EMK1" ignored="0" name="Default test" tests="3" failures="0" timestamp="2022-09-03T12:25:29 CDT" time="15.926" errors="0">
  <testcase name="validateUserIsAbleToAddCategory" time="5.037" classname="test.ToDoListTest"/>
  <testcase name="validateMonthDropdownElement" time="2.269" classname="test.ToDoListTest"/>
  <testcase name="validateDuplicateCategory" time="4.467" classname="test.ToDoListTest"/>
</testsuite> <!-- Default test -->
